2019-11-18 21:44:21 - [ DEBUG ]  com.mushishi.imooc.runcase.LoginCase.beforeClass(LoginCase.java:27) main com.mushishi.imooc.runcase.LoginCase - 初始化浏览器 
2019-11-18 21:44:24 - [ DEBUG ]  com.mushishi.imooc.runcase.LoginCase.beforeClass(LoginCase.java:32) main com.mushishi.imooc.runcase.LoginCase - 打开浏览器 
2019-11-18 21:47:04 - [ DEBUG ]  com.mushishi.imooc.runcase.LoginCase.beforeClass(LoginCase.java:27) main com.mushishi.imooc.runcase.LoginCase - 初始化浏览器 
2019-11-18 21:47:07 - [ DEBUG ]  com.mushishi.imooc.runcase.LoginCase.beforeClass(LoginCase.java:32) main com.mushishi.imooc.runcase.LoginCase - 打开浏览器 
2019-11-18 21:47:48 - [ DEBUG ]  com.mushishi.imooc.runcase.LoginCase.beforeClass(LoginCase.java:27) main com.mushishi.imooc.runcase.LoginCase - 初始化浏览器 
2019-11-18 21:47:51 - [ DEBUG ]  com.mushishi.imooc.runcase.LoginCase.beforeClass(LoginCase.java:32) main com.mushishi.imooc.runcase.LoginCase - 打开浏览器 
2019-11-18 21:47:59 - [ DEBUG ]  com.mushishi.imooc.page.BasePage.GetByLocal(BasePage.java:87) main com.mushishi.imooc.page.BasePage - 你的定位信息的key为:signin_button 
2019-11-18 21:47:59 - [ DEBUG ]  com.mushishi.imooc.page.BasePage.GetByLocal(BasePage.java:93) main com.mushishi.imooc.page.BasePage - 你的定位方式为id 
2019-11-18 21:47:59 - [ DEBUG ]  com.mushishi.imooc.page.BasePage.GetByLocal(BasePage.java:94) main com.mushishi.imooc.page.BasePage - 你的定位值为js-signin-btn 
2019-11-18 21:48:01 - [ DEBUG ]  com.mushishi.imooc.runcase.LoginCase.TestLoginSuccess(LoginCase.java:68) main com.mushishi.imooc.runcase.LoginCase - 开始第一个执行case 
2019-11-18 21:48:01 - [ DEBUG ]  com.mushishi.imooc.handle.LoginHandle.SendEmail(LoginHandle.java:21) main com.mushishi.imooc.handle.LoginHandle - 你输入的用户邮箱：1323134804@qq.com 
2019-11-18 21:48:01 - [ DEBUG ]  com.mushishi.imooc.page.BasePage.GetByLocal(BasePage.java:87) main com.mushishi.imooc.page.BasePage - 你的定位信息的key为:email 
2019-11-18 21:48:01 - [ DEBUG ]  com.mushishi.imooc.page.BasePage.GetByLocal(BasePage.java:93) main com.mushishi.imooc.page.BasePage - 你的定位方式为name 
2019-11-18 21:48:01 - [ DEBUG ]  com.mushishi.imooc.page.BasePage.GetByLocal(BasePage.java:94) main com.mushishi.imooc.page.BasePage - 你的定位值为email 
2019-11-18 21:48:02 - [ DEBUG ]  com.mushishi.imooc.handle.LoginHandle.SendPassword(LoginHandle.java:26) main com.mushishi.imooc.handle.LoginHandle - 你输入的密码：libowen8866 
2019-11-18 21:48:02 - [ DEBUG ]  com.mushishi.imooc.page.BasePage.GetByLocal(BasePage.java:87) main com.mushishi.imooc.page.BasePage - 你的定位信息的key为:password 
2019-11-18 21:48:02 - [ DEBUG ]  com.mushishi.imooc.page.BasePage.GetByLocal(BasePage.java:93) main com.mushishi.imooc.page.BasePage - 你的定位方式为name 
2019-11-18 21:48:02 - [ DEBUG ]  com.mushishi.imooc.page.BasePage.GetByLocal(BasePage.java:94) main com.mushishi.imooc.page.BasePage - 你的定位值为password 
2019-11-18 21:48:02 - [ DEBUG ]  com.mushishi.imooc.handle.LoginHandle.ClickLogin(LoginHandle.java:35) main com.mushishi.imooc.handle.LoginHandle - 你开始点击登录按钮 
2019-11-18 21:48:02 - [ DEBUG ]  com.mushishi.imooc.page.BasePage.GetByLocal(BasePage.java:87) main com.mushishi.imooc.page.BasePage - 你的定位信息的key为:loginbutton 
2019-11-18 21:48:02 - [ DEBUG ]  com.mushishi.imooc.page.BasePage.GetByLocal(BasePage.java:93) main com.mushishi.imooc.page.BasePage - 你的定位方式为className 
2019-11-18 21:48:02 - [ DEBUG ]  com.mushishi.imooc.page.BasePage.GetByLocal(BasePage.java:94) main com.mushishi.imooc.page.BasePage - 你的定位值为moco-btn-red 
2019-11-18 21:48:04 - [ DEBUG ]  com.mushishi.imooc.page.BasePage.GetByLocal(BasePage.java:87) main com.mushishi.imooc.page.BasePage - 你的定位信息的key为:headpng 
2019-11-18 21:48:04 - [ DEBUG ]  com.mushishi.imooc.page.BasePage.GetByLocal(BasePage.java:93) main com.mushishi.imooc.page.BasePage - 你的定位方式为id 
2019-11-18 21:48:04 - [ DEBUG ]  com.mushishi.imooc.page.BasePage.GetByLocal(BasePage.java:94) main com.mushishi.imooc.page.BasePage - 你的定位值为header-avator 
2019-11-18 21:48:04 - [ DEBUG ]  com.mushishi.imooc.page.BasePage.GetByLocal(BasePage.java:87) main com.mushishi.imooc.page.BasePage - 你的定位信息的key为:userinfo 
2019-11-18 21:48:04 - [ DEBUG ]  com.mushishi.imooc.page.BasePage.GetByLocal(BasePage.java:93) main com.mushishi.imooc.page.BasePage - 你的定位方式为className 
2019-11-18 21:48:04 - [ DEBUG ]  com.mushishi.imooc.page.BasePage.GetByLocal(BasePage.java:94) main com.mushishi.imooc.page.BasePage - 你的定位值为text-ellipsis 
